app/build/intermediates/manifest_merge_blame_file/debug/manifest-merger-blame-debug-report.txt
1<?xml version="1.0" encoding="utf-8"?>
2<!--
3  ~ Copyright 2015 Department of Computer Science and Engineering, University of Moratuwa.
4  ~ Licensed under the Apache License, Version 2.0 (the "License");
5  ~ you may not use this file except in compliance with the License.
6  ~ You may obtain a copy of the License at
7  ~
8  ~                  http://www.apache.org/licenses/LICENSE-2.0
9  ~
10  ~ Unless required by applicable law or agreed to in writing, software
11  ~ distributed under the License is distributed on an "AS IS" BASIS,
12  ~ WITHOUT WARRANTIES OR CONDITIONS OF ANY KIND, either express or implied.
13  ~ See the License for the specific language governing permissions and
14  ~ limitations under the License.
15  ~
16-->
17<manifest xmlns:android="http://schemas.android.com/apk/res/android"
18    package="lk.ac.mrt.cse.dbs.simpleexpensemanager"
19    android:versionCode="1"
20    android:versionName="1.0" >
21
22    <uses-sdk
23        android:minSdkVersion="19"
23-->src/main/AndroidManifest.xml
24        android:targetSdkVersion="26" />
24-->src/main/AndroidManifest.xml
25
26    <application
26-->src/main/AndroidManifest.xml:21:5-37:19
27        android:allowBackup="true"
27-->src/main/AndroidManifest.xml:22:9-35
28        android:debuggable="true"
29        android:icon="@mipmap/ic_launcher"
29-->src/main/AndroidManifest.xml:23:9-43
30        android:label="@string/app_name"
30-->src/main/AndroidManifest.xml:24:9-41
31        android:supportsRtl="true"
31-->src/main/AndroidManifest.xml:25:9-35
32        android:theme="@style/AppTheme" >
32-->src/main/AndroidManifest.xml:26:9-40
33        <activity
33-->src/main/AndroidManifest.xml:27:9-36:20
34            android:name="lk.ac.mrt.cse.dbs.simpleexpensemanager.ui.MainActivity"
34-->src/main/AndroidManifest.xml:28:13-44
35            android:label="@string/app_name"
35-->src/main/AndroidManifest.xml:29:13-45
36            android:theme="@style/AppTheme.NoActionBar" >
36-->src/main/AndroidManifest.xml:30:13-56
37            <intent-filter>
37-->src/main/AndroidManifest.xml:31:13-35:29
38                <action android:name="android.intent.action.MAIN" />
38-->src/main/AndroidManifest.xml:32:17-68
38-->src/main/AndroidManifest.xml:32:25-66
39
40                <category android:name="android.intent.category.LAUNCHER" />
40-->src/main/AndroidManifest.xml:34:17-76
40-->src/main/AndroidManifest.xml:34:27-74
41            </intent-filter>
42        </activity>
43
44        <meta-data
44-->[com.android.support:design:26.1.0] AndroidManifest.xml:26:9-28:38
45            android:name="android.support.VERSION"
45-->[com.android.support:design:26.1.0] AndroidManifest.xml:27:13-51
46            android:value="26.1.0" />
46-->[com.android.support:design:26.1.0] AndroidManifest.xml:28:13-35
47        <meta-data
47-->[android.arch.lifecycle:runtime:1.0.0] AndroidManifest.xml:25:9-27:47
48            android:name="android.arch.lifecycle.VERSION"
48-->[android.arch.lifecycle:runtime:1.0.0] AndroidManifest.xml:26:13-58
49            android:value="27.0.0-SNAPSHOT" />
49-->[android.arch.lifecycle:runtime:1.0.0] AndroidManifest.xml:27:13-44
50    </application>
51
52</manifest>